c:\users\home\source\repos\verminreader_aio\verminunpacker\verminunpacker\x64\release\verminunpacker.pch
c:\users\home\source\repos\verminreader_aio\verminunpacker\verminunpacker\x64\release\vc141.pdb
c:\users\home\source\repos\verminreader_aio\verminunpacker\verminunpacker\x64\release\stdafx.obj
c:\users\home\source\repos\verminreader_aio\verminunpacker\verminunpacker\x64\release\convert.obj
c:\users\home\source\repos\verminreader_aio\verminunpacker\verminunpacker\x64\release\bundlereader.obj
c:\users\home\source\repos\verminreader_aio\verminunpacker\verminunpacker\x64\release\bundleexception.obj
c:\users\home\source\repos\verminreader_aio\verminunpacker\verminunpacker\x64\release\bundle.obj
c:\users\home\source\repos\verminreader_aio\verminunpacker\verminunpacker\x64\release\verminunpacker.obj
c:\users\home\source\repos\verminreader_aio\verminunpacker\verminunpacker\x64\release\murmurhash.obj
c:\users\home\source\repos\verminreader_aio\x64\release\verminunpacker.exe
c:\users\home\source\repos\verminreader_aio\x64\release\verminunpacker.pdb
c:\users\home\source\repos\verminreader_aio\x64\release\verminunpacker.ipdb
c:\users\home\source\repos\verminreader_aio\x64\release\verminunpacker.iobj
c:\users\home\source\repos\verminreader_aio\verminunpacker\verminunpacker\x64\release\verminunpacker.tlog\cl.command.1.tlog
c:\users\home\source\repos\verminreader_aio\verminunpacker\verminunpacker\x64\release\verminunpacker.tlog\cl.read.1.tlog
c:\users\home\source\repos\verminreader_aio\verminunpacker\verminunpacker\x64\release\verminunpacker.tlog\cl.write.1.tlog
c:\users\home\source\repos\verminreader_aio\verminunpacker\verminunpacker\x64\release\verminunpacker.tlog\link.command.1.tlog
c:\users\home\source\repos\verminreader_aio\verminunpacker\verminunpacker\x64\release\verminunpacker.tlog\link.read.1.tlog
c:\users\home\source\repos\verminreader_aio\verminunpacker\verminunpacker\x64\release\verminunpacker.tlog\link.write.1.tlog
c:\users\home\source\repos\verminreader_aio\verminunpacker\verminunpacker\x64\release\verminunpacker.tlog\verminunpacker.write.1u.tlog
